<?xml version="1.0" encoding="UTF-8"?>
<!-- Generated by org.testng.reporters.JUnitReportReporter -->
<testsuite hostname="DESKTOP-1MUCPAJ" failures="0" tests="1" name="com.walmart.testcases.ExtentReport" time="0.675" errors="0" timestamp="04 Feb 2021 22:05:48 GMT" skipped="0">
  <testcase classname="com.walmart.testcases.ExtentReport" name="extentreport" time="0.675"/>
</testsuite> <!-- com.walmart.testcases.ExtentReport -->
