<?xml version="1.0" encoding="UTF-8"?>
<!-- Generated by org.testng.reporters.JUnitReportReporter -->
<testsuite hostname="DESKTOP-1MUCPAJ" failures="0" tests="1" name="com.walmart.testcases.MyAccountTest" time="0.000" errors="0" timestamp="08 Feb 2021 22:15:11 GMT" skipped="1">
  <testcase classname="com.walmart.testcases.MyAccountTest" name="myaccountpageTitleTest" time="0.000">
    <skipped/>
  </testcase> <!-- myaccountpageTitleTest -->
</testsuite> <!-- com.walmart.testcases.MyAccountTest -->
