<?xml version="1.0" encoding="UTF-8"?>
<!-- Generated by org.testng.reporters.JUnitReportReporter -->
<testsuite hostname="DESKTOP-1MUCPAJ" failures="0" tests="3" name="com.walmart.testcases.MylistTest" time="0.000" errors="0" timestamp="08 Feb 2021 22:19:06 GMT" skipped="3">
  <testcase classname="com.walmart.testcases.MylistTest" name="MylistpageTitleTest" time="0.000">
    <skipped/>
  </testcase> <!-- MylistpageTitleTest -->
  <testcase classname="com.walmart.testcases.MylistTest" name="MylistpageLogoTest" time="0.000">
    <skipped/>
  </testcase> <!-- MylistpageLogoTest -->
  <testcase classname="com.walmart.testcases.MylistTest" name="wincardTest" time="0.000">
    <skipped/>
  </testcase> <!-- wincardTest -->
</testsuite> <!-- com.walmart.testcases.MylistTest -->
