<?xml version="1.0" encoding="UTF-8"?>
<!-- Generated by org.testng.reporters.JUnitReportReporter -->
<testsuite hostname="DESKTOP-1MUCPAJ" failures="0" tests="1" name="com.walmart.testcases.MylistTest" time="0.000" errors="0" timestamp="05 Feb 2021 15:03:46 GMT" skipped="1">
  <testcase classname="com.walmart.testcases.MylistTest" name="MylistpageTitleTest" time="0.000">
    <skipped/>
  </testcase> <!-- MylistpageTitleTest -->
</testsuite> <!-- com.walmart.testcases.MylistTest -->
